#-----------------------------------------------------------
# Vivado v2020.2 (64-bit)
# SW Build 3064766 on Wed Nov 18 09:12:45 MST 2020
# IP Build 3064653 on Wed Nov 18 14:17:31 MST 2020
# Start of session at: Tue Jan 10 19:15:09 2023
# Process ID: 4872
# Current directory: G:/LU3EE100/console_ee100
# Command line: vivado.exe -gui_launcher_event rodinguilauncherevent15312 G:\LU3EE100\console_ee100\console_ee100.xpr
# Log file: G:/LU3EE100/console_ee100/vivado.log
# Journal file: G:/LU3EE100/console_ee100\vivado.jou
#-----------------------------------------------------------
start_gui
open_project G:/LU3EE100/console_ee100/console_ee100.xpr
WARNING: [filemgmt 56-3] Board Part Repository Path: Could not find the directory 'G:/AppData/Roaming/Xilinx/Vivado/2020.2/xhub/board_store/xilinx_board_store'.
WARNING: [filemgmt 56-3] Default IP Output Path : Could not find the directory 'G:/LU3EE100/console_ee100/console_ee100.gen/sources_1'.
Scanning sources...
Finished scanning sources
INFO: [IP_Flow 19-234] Refreshing IP repositories
INFO: [IP_Flow 19-1704] No user IP repositories specified
INFO: [IP_Flow 19-2313] Loaded Vivado IP repository 'E:/Xilinx/Vivado/2020.2/data/ip'.
open_project: Time (s): cpu = 00:00:38 ; elapsed = 00:00:23 . Memory (MB): peak = 1087.922 ; gain = 0.000
update_compile_order -fileset sources_1
exit
INFO: [Common 17-206] Exiting Vivado at Tue Jan 10 19:59:09 2023...
