
*** Running vivado
    with args -log top_baxys.vds -m64 -product Vivado -mode batch -messageDb vivado.pb -notrace -source top_baxys.tcl



****** Vivado v2020.2 (64-bit)
  **** SW Build 3064766 on Wed Nov 18 09:12:45 MST 2020
  **** IP Build 3064653 on Wed Nov 18 14:17:31 MST 2020
    ** Copyright 1986-2020 Xilinx, Inc. All Rights Reserved.

source top_baxys.tcl -notrace
create_project: Time (s): cpu = 00:00:05 ; elapsed = 00:00:06 . Memory (MB): peak = 1088.695 ; gain = 0.000
Command: synth_design -top top_baxys -part xc7a35tcpg236-1
Starting synth_design
Attempting to get a license for feature 'Synthesis' and/or device 'xc7a35t'
INFO: [Common 17-349] Got license for feature 'Synthesis' and/or device 'xc7a35t'
INFO: [Device 21-403] Loading part xc7a35tcpg236-1
INFO: [Synth 8-7079] Multithreading enabled for synth_design using a maximum of 2 processes.
INFO: [Synth 8-7078] Launching helper process for spawning children vivado processes
INFO: [Synth 8-7075] Helper process launched with PID 19508
---------------------------------------------------------------------------------
Starting RTL Elaboration : Time (s): cpu = 00:00:09 ; elapsed = 00:00:09 . Memory (MB): peak = 1100.328 ; gain = 11.633
---------------------------------------------------------------------------------
INFO: [Synth 8-638] synthesizing module 'top_baxys' [G:/LU3EE100/console_ee100/console_ee100.srcs/sources_1/imports/VHDL/Top_Basys.vhd:52]
INFO: [Synth 8-638] synthesizing module 'ClkDiv' [G:/LU3EE100/console_ee100/console_ee100.srcs/sources_1/new/clkdiv.vhd:12]
INFO: [Synth 8-256] done synthesizing module 'ClkDiv' (1#1) [G:/LU3EE100/console_ee100/console_ee100.srcs/sources_1/new/clkdiv.vhd:12]
INFO: [Synth 8-638] synthesizing module 'ClkAcc' [G:/LU3EE100/console_ee100/console_ee100.srcs/sources_1/imports/VHDL/ClkAcc.vhd:17]
INFO: [Synth 8-256] done synthesizing module 'ClkAcc' (2#1) [G:/LU3EE100/console_ee100/console_ee100.srcs/sources_1/imports/VHDL/ClkAcc.vhd:17]
INFO: [Synth 8-638] synthesizing module 'switch_mgr' [G:/LU3EE100/console_ee100/console_ee100.srcs/sources_1/imports/VHDL/switch_mgr.vhd:22]
INFO: [Synth 8-256] done synthesizing module 'switch_mgr' (3#1) [G:/LU3EE100/console_ee100/console_ee100.srcs/sources_1/imports/VHDL/switch_mgr.vhd:22]
INFO: [Synth 8-638] synthesizing module 'button_mgr' [G:/LU3EE100/console_ee100/console_ee100.srcs/sources_1/imports/VHDL/button_mgr.vhd:22]
INFO: [Synth 8-256] done synthesizing module 'button_mgr' (4#1) [G:/LU3EE100/console_ee100/console_ee100.srcs/sources_1/imports/VHDL/button_mgr.vhd:22]
INFO: [Synth 8-638] synthesizing module 'aff_mgr_basys' [G:/LU3EE100/console_ee100/console_ee100.srcs/sources_1/imports/VHDL/aff_mgr_basys.vhd:48]
INFO: [Synth 8-256] done synthesizing module 'aff_mgr_basys' (5#1) [G:/LU3EE100/console_ee100/console_ee100.srcs/sources_1/imports/VHDL/aff_mgr_basys.vhd:48]
INFO: [Synth 8-638] synthesizing module 'ip_rotary' [G:/LU3EE100/console_ee100/console_ee100.srcs/sources_1/imports/VHDL/ip_rotary.vhd:20]
INFO: [Synth 8-638] synthesizing module 'Move' [G:/LU3EE100/console_ee100/console_ee100.srcs/sources_1/new/Move.vhd:15]
INFO: [Synth 8-256] done synthesizing module 'Move' (6#1) [G:/LU3EE100/console_ee100/console_ee100.srcs/sources_1/new/Move.vhd:15]
INFO: [Synth 8-638] synthesizing module 'rotary' [G:/LU3EE100/console_ee100/console_ee100.srcs/sources_1/imports/VHDL/rotary.vhd:20]
INFO: [Synth 8-256] done synthesizing module 'rotary' (7#1) [G:/LU3EE100/console_ee100/console_ee100.srcs/sources_1/imports/VHDL/rotary.vhd:20]
INFO: [Synth 8-256] done synthesizing module 'ip_rotary' (8#1) [G:/LU3EE100/console_ee100/console_ee100.srcs/sources_1/imports/VHDL/ip_rotary.vhd:20]
INFO: [Synth 8-638] synthesizing module 'accelero_mgr' [G:/LU3EE100/console_ee100/console_ee100.srcs/sources_1/imports/VHDL/accelero_mgr.vhd:24]
INFO: [Synth 8-638] synthesizing module 'ADXL362Ctrl' [G:/LU3EE100/console_ee100/console_ee100.srcs/sources_1/imports/VHDL/ADXL362Ctrl.vhd:117]
	Parameter SYSCLK_FREQUENCY_HZ bound to: 100000000 - type: integer 
	Parameter SCLK_FREQUENCY_HZ bound to: 1000000 - type: integer 
	Parameter NUM_READS_AVG bound to: 16 - type: integer 
	Parameter UPDATE_FREQUENCY_HZ bound to: 1000 - type: integer 
	Parameter SYSCLK_FREQUENCY_HZ bound to: 100000000 - type: integer 
	Parameter SCLK_FREQUENCY_HZ bound to: 1000000 - type: integer 
INFO: [Synth 8-3491] module 'SPI_If' declared at 'G:/LU3EE100/console_ee100/console_ee100.srcs/sources_1/imports/VHDL/SPI_If.vhd:42' bound to instance 'SPI_Interface' of component 'SPI_If' [G:/LU3EE100/console_ee100/console_ee100.srcs/sources_1/imports/VHDL/ADXL362Ctrl.vhd:377]
INFO: [Synth 8-638] synthesizing module 'SPI_If' [G:/LU3EE100/console_ee100/console_ee100.srcs/sources_1/imports/VHDL/SPI_If.vhd:66]
	Parameter SYSCLK_FREQUENCY_HZ bound to: 100000000 - type: integer 
	Parameter SCLK_FREQUENCY_HZ bound to: 1000000 - type: integer 
INFO: [Synth 8-256] done synthesizing module 'SPI_If' (9#1) [G:/LU3EE100/console_ee100/console_ee100.srcs/sources_1/imports/VHDL/SPI_If.vhd:66]
INFO: [Synth 8-256] done synthesizing module 'ADXL362Ctrl' (10#1) [G:/LU3EE100/console_ee100/console_ee100.srcs/sources_1/imports/VHDL/ADXL362Ctrl.vhd:117]
INFO: [Synth 8-256] done synthesizing module 'accelero_mgr' (11#1) [G:/LU3EE100/console_ee100/console_ee100.srcs/sources_1/imports/VHDL/accelero_mgr.vhd:24]
INFO: [Synth 8-638] synthesizing module 'objects' [G:/LU3EE100/console_ee100/console_ee100.srcs/sources_1/imports/VHDL/objects.vhd:53]
INFO: [Synth 8-638] synthesizing module 'decor' [G:/LU3EE100/console_ee100/console_ee100.srcs/sources_1/imports/VHDL/decor.vhd:40]
INFO: [Synth 8-256] done synthesizing module 'decor' (12#1) [G:/LU3EE100/console_ee100/console_ee100.srcs/sources_1/imports/VHDL/decor.vhd:40]
INFO: [Synth 8-638] synthesizing module 'pad' [G:/LU3EE100/console_ee100/console_ee100.srcs/sources_1/imports/VHDL/pad.vhd:48]
INFO: [Synth 8-256] done synthesizing module 'pad' (13#1) [G:/LU3EE100/console_ee100/console_ee100.srcs/sources_1/imports/VHDL/pad.vhd:48]
INFO: [Synth 8-638] synthesizing module 'bounce' [G:/LU3EE100/console_ee100/console_ee100.srcs/sources_1/imports/VHDL/bounce.vhd:60]
INFO: [Synth 8-256] done synthesizing module 'bounce' (14#1) [G:/LU3EE100/console_ee100/console_ee100.srcs/sources_1/imports/VHDL/bounce.vhd:60]
INFO: [Synth 8-638] synthesizing module 'ball' [G:/LU3EE100/console_ee100/console_ee100.srcs/sources_1/imports/VHDL/ball.vhd:43]
INFO: [Synth 8-256] done synthesizing module 'ball' (15#1) [G:/LU3EE100/console_ee100/console_ee100.srcs/sources_1/imports/VHDL/ball.vhd:43]
INFO: [Synth 8-638] synthesizing module 'brick_ctrl' [G:/LU3EE100/console_ee100/console_ee100.srcs/sources_1/imports/VHDL/brick.vhd:22]
INFO: [Synth 8-256] done synthesizing module 'brick_ctrl' (16#1) [G:/LU3EE100/console_ee100/console_ee100.srcs/sources_1/imports/VHDL/brick.vhd:22]
INFO: [Synth 8-256] done synthesizing module 'objects' (17#1) [G:/LU3EE100/console_ee100/console_ee100.srcs/sources_1/imports/VHDL/objects.vhd:53]
INFO: [Synth 8-638] synthesizing module 'game' [G:/LU3EE100/console_ee100/console_ee100.srcs/sources_1/imports/VHDL/game.vhd:55]
INFO: [Synth 8-638] synthesizing module 'display' [G:/LU3EE100/console_ee100/console_ee100.srcs/sources_1/imports/VHDL/display.vhd:38]
INFO: [Synth 8-256] done synthesizing module 'display' (18#1) [G:/LU3EE100/console_ee100/console_ee100.srcs/sources_1/imports/VHDL/display.vhd:38]
INFO: [Synth 8-638] synthesizing module 'mode' [G:/LU3EE100/console_ee100/console_ee100.srcs/sources_1/new/mode.vhd:12]
INFO: [Synth 8-638] synthesizing module 'mae2' [G:/LU3EE100/console_ee100/console_ee100.srcs/sources_1/new/mae2.vhd:11]
INFO: [Synth 8-226] default block is never used [G:/LU3EE100/console_ee100/console_ee100.srcs/sources_1/new/mae2.vhd:62]
INFO: [Synth 8-256] done synthesizing module 'mae2' (19#1) [G:/LU3EE100/console_ee100/console_ee100.srcs/sources_1/new/mae2.vhd:11]
INFO: [Synth 8-638] synthesizing module 'Tempo_Pause' [G:/LU3EE100/console_ee100/console_ee100.srcs/sources_1/new/tempo_pause.vhd:12]
INFO: [Synth 8-256] done synthesizing module 'Tempo_Pause' (20#1) [G:/LU3EE100/console_ee100/console_ee100.srcs/sources_1/new/tempo_pause.vhd:12]
INFO: [Synth 8-638] synthesizing module 'timer_lost' [G:/LU3EE100/console_ee100/console_ee100.srcs/sources_1/new/timer_lost.vhd:11]
INFO: [Synth 8-256] done synthesizing module 'timer_lost' (21#1) [G:/LU3EE100/console_ee100/console_ee100.srcs/sources_1/new/timer_lost.vhd:11]
INFO: [Synth 8-638] synthesizing module 'timeout' [G:/LU3EE100/console_ee100/console_ee100.srcs/sources_1/new/timeout.vhd:11]
INFO: [Synth 8-256] done synthesizing module 'timeout' (22#1) [G:/LU3EE100/console_ee100/console_ee100.srcs/sources_1/new/timeout.vhd:11]
INFO: [Synth 8-256] done synthesizing module 'mode' (23#1) [G:/LU3EE100/console_ee100/console_ee100.srcs/sources_1/new/mode.vhd:12]
INFO: [Synth 8-638] synthesizing module 'game_mgr' [G:/LU3EE100/console_ee100/console_ee100.srcs/sources_1/imports/VHDL/game_mgr.vhd:18]
INFO: [Synth 8-256] done synthesizing module 'game_mgr' (24#1) [G:/LU3EE100/console_ee100/console_ee100.srcs/sources_1/imports/VHDL/game_mgr.vhd:18]
INFO: [Synth 8-638] synthesizing module 'master_slave_mgr' [G:/LU3EE100/console_ee100/console_ee100.srcs/sources_1/imports/VHDL/mas_sla_mgr.vhd:18]
INFO: [Synth 8-256] done synthesizing module 'master_slave_mgr' (25#1) [G:/LU3EE100/console_ee100/console_ee100.srcs/sources_1/imports/VHDL/mas_sla_mgr.vhd:18]
INFO: [Synth 8-256] done synthesizing module 'game' (26#1) [G:/LU3EE100/console_ee100/console_ee100.srcs/sources_1/imports/VHDL/game.vhd:55]
INFO: [Synth 8-638] synthesizing module 'VGA_4bits' [G:/LU3EE100/console_ee100/console_ee100.srcs/sources_1/imports/VHDL/VGA.vhd:24]
INFO: [Synth 8-256] done synthesizing module 'VGA_4bits' (27#1) [G:/LU3EE100/console_ee100/console_ee100.srcs/sources_1/imports/VHDL/VGA.vhd:24]
INFO: [Synth 8-638] synthesizing module 'Moving_Colors' [G:/LU3EE100/console_ee100/console_ee100.srcs/sources_1/new/Moving_Colors.vhd:13]
INFO: [Synth 8-638] synthesizing module 'ClkDiv10' [G:/LU3EE100/console_ee100/console_ee100.srcs/sources_1/new/Clkdiv10.vhd:12]
INFO: [Synth 8-256] done synthesizing module 'ClkDiv10' (28#1) [G:/LU3EE100/console_ee100/console_ee100.srcs/sources_1/new/Clkdiv10.vhd:12]
INFO: [Synth 8-638] synthesizing module 'count_red' [G:/LU3EE100/console_ee100/console_ee100.srcs/sources_1/new/Count_red.vhd:16]
WARNING: [Synth 8-614] signal 'num' is read in the process but is not in the sensitivity list [G:/LU3EE100/console_ee100/console_ee100.srcs/sources_1/new/Count_red.vhd:24]
INFO: [Synth 8-256] done synthesizing module 'count_red' (29#1) [G:/LU3EE100/console_ee100/console_ee100.srcs/sources_1/new/Count_red.vhd:16]
INFO: [Synth 8-638] synthesizing module 'count_blue' [G:/LU3EE100/console_ee100/console_ee100.srcs/sources_1/new/Count_blue.vhd:16]
WARNING: [Synth 8-614] signal 'num' is read in the process but is not in the sensitivity list [G:/LU3EE100/console_ee100/console_ee100.srcs/sources_1/new/Count_blue.vhd:24]
INFO: [Synth 8-256] done synthesizing module 'count_blue' (30#1) [G:/LU3EE100/console_ee100/console_ee100.srcs/sources_1/new/Count_blue.vhd:16]
INFO: [Synth 8-638] synthesizing module 'count_green' [G:/LU3EE100/console_ee100/console_ee100.srcs/sources_1/new/Count_green.vhd:16]
INFO: [Synth 8-256] done synthesizing module 'count_green' (31#1) [G:/LU3EE100/console_ee100/console_ee100.srcs/sources_1/new/Count_green.vhd:16]
INFO: [Synth 8-638] synthesizing module 'Mach_Etat' [G:/LU3EE100/console_ee100/console_ee100.srcs/sources_1/new/Machine_a_etat.vhd:15]
INFO: [Synth 8-256] done synthesizing module 'Mach_Etat' (32#1) [G:/LU3EE100/console_ee100/console_ee100.srcs/sources_1/new/Machine_a_etat.vhd:15]
INFO: [Synth 8-256] done synthesizing module 'Moving_Colors' (33#1) [G:/LU3EE100/console_ee100/console_ee100.srcs/sources_1/new/Moving_Colors.vhd:13]
INFO: [Synth 8-256] done synthesizing module 'top_baxys' (34#1) [G:/LU3EE100/console_ee100/console_ee100.srcs/sources_1/imports/VHDL/Top_Basys.vhd:52]
---------------------------------------------------------------------------------
Finished RTL Elaboration : Time (s): cpu = 00:00:15 ; elapsed = 00:00:18 . Memory (MB): peak = 1189.242 ; gain = 100.547
---------------------------------------------------------------------------------
---------------------------------------------------------------------------------
Start Handling Custom Attributes
---------------------------------------------------------------------------------
---------------------------------------------------------------------------------
Finished Handling Custom Attributes : Time (s): cpu = 00:00:16 ; elapsed = 00:00:24 . Memory (MB): peak = 1189.242 ; gain = 100.547
---------------------------------------------------------------------------------
---------------------------------------------------------------------------------
Finished RTL Optimization Phase 1 : Time (s): cpu = 00:00:16 ; elapsed = 00:00:24 . Memory (MB): peak = 1189.242 ; gain = 100.547
---------------------------------------------------------------------------------
Netlist sorting complete. Time (s): cpu = 00:00:00 ; elapsed = 00:00:00.136 . Memory (MB): peak = 1189.242 ; gain = 0.000
INFO: [Project 1-570] Preparing netlist for logic optimization

Processing XDC Constraints
Initializing timing engine
Parsing XDC File [G:/LU3EE100/console_ee100/console_ee100.srcs/constrs_1/imports/XDC/Console_Basys.xdc]
Finished Parsing XDC File [G:/LU3EE100/console_ee100/console_ee100.srcs/constrs_1/imports/XDC/Console_Basys.xdc]
INFO: [Project 1-236] Implementation specific constraints were found while reading constraint file [G:/LU3EE100/console_ee100/console_ee100.srcs/constrs_1/imports/XDC/Console_Basys.xdc]. These constraints will be ignored for synthesis but will be used in implementation. Impacted constraints are listed in the file [.Xil/top_baxys_propImpl.xdc].
Resolution: To avoid this warning, move constraints listed in [.Xil/top_baxys_propImpl.xdc] to another XDC file and exclude this new file from synthesis with the used_in_synthesis property (File Properties dialog in GUI) and re-run elaboration/synthesis.
Completed Processing XDC Constraints

Netlist sorting complete. Time (s): cpu = 00:00:00 ; elapsed = 00:00:00.003 . Memory (MB): peak = 1303.570 ; gain = 0.000
INFO: [Project 1-111] Unisim Transformation Summary:
No Unisim elements were transformed.

Constraint Validation Runtime : Time (s): cpu = 00:00:00 ; elapsed = 00:00:00.076 . Memory (MB): peak = 1303.570 ; gain = 0.000
---------------------------------------------------------------------------------
Finished Constraint Validation : Time (s): cpu = 00:00:34 ; elapsed = 00:00:46 . Memory (MB): peak = 1303.570 ; gain = 214.875
---------------------------------------------------------------------------------
---------------------------------------------------------------------------------
Start Loading Part and Timing Information
---------------------------------------------------------------------------------
Loading part: xc7a35tcpg236-1
---------------------------------------------------------------------------------
Finished Loading Part and Timing Information : Time (s): cpu = 00:00:34 ; elapsed = 00:00:46 . Memory (MB): peak = 1303.570 ; gain = 214.875
---------------------------------------------------------------------------------
---------------------------------------------------------------------------------
Start Applying 'set_property' XDC Constraints
---------------------------------------------------------------------------------
---------------------------------------------------------------------------------
Finished applying 'set_property' XDC Constraints : Time (s): cpu = 00:00:34 ; elapsed = 00:00:46 . Memory (MB): peak = 1303.570 ; gain = 214.875
---------------------------------------------------------------------------------
INFO: [Synth 8-802] inferred FSM for state register 'StC_reg' in module 'SPI_If'
INFO: [Synth 8-802] inferred FSM for state register 'StC_Spi_SendRec_reg' in module 'ADXL362Ctrl'
INFO: [Synth 8-802] inferred FSM for state register 'StC_Spi_Trans_reg' in module 'ADXL362Ctrl'
INFO: [Synth 8-802] inferred FSM for state register 'StC_Adxl_Ctrl_reg' in module 'ADXL362Ctrl'
INFO: [Synth 8-802] inferred FSM for state register 'EP_reg' in module 'game_mgr'
INFO: [Synth 8-802] inferred FSM for state register 'EP_reg' in module 'master_slave_mgr'
---------------------------------------------------------------------------------------------------
                   State |                     New Encoding |                Previous Encoding 
---------------------------------------------------------------------------------------------------
                  stidle |                               00 |                         10100000
               stprepare |                               01 |                         00001001
                 stshift |                               10 |                         01011011
                  stdone |                               11 |                         00001110
---------------------------------------------------------------------------------------------------
INFO: [Synth 8-3354] encoded FSM with state register 'StC_reg' using encoding 'sequential' in module 'SPI_If'
---------------------------------------------------------------------------------------------------
                   State |                     New Encoding |                Previous Encoding 
---------------------------------------------------------------------------------------------------
        stspisendrecidle |                              000 |                          0000000
         stspipreparecmd |                              001 |                          1000001
         stspisendstartw |                              010 |                          0001011
        stspiwaitondonew |                              011 |                          0000111
         stspisendstartr |                              100 |                          0001110
        stspiwaitondoner |                              101 |                          0100100
        stspisendrecdone |                              110 |                          0010101
---------------------------------------------------------------------------------------------------
INFO: [Synth 8-3354] encoded FSM with state register 'StC_Spi_SendRec_reg' using encoding 'sequential' in module 'ADXL362Ctrl'
---------------------------------------------------------------------------------------------------
                   State |                     New Encoding |                Previous Encoding 
---------------------------------------------------------------------------------------------------
          stspitransidle |                              000 |                       0000000000
     stspiprepandsendcmd |                              001 |                       1111100001
       stspiwaitondonesr |                              010 |                       0000110011
     stspiwaitforssinact |                              011 |                       0000000010
          stspitransdone |                              100 |                       0000001110
---------------------------------------------------------------------------------------------------
INFO: [Synth 8-3354] encoded FSM with state register 'StC_Spi_Trans_reg' using encoding 'sequential' in module 'ADXL362Ctrl'
---------------------------------------------------------------------------------------------------
                   State |                     New Encoding |                Previous Encoding 
---------------------------------------------------------------------------------------------------
          stadxlctrlidle |                             0000 |                     100100000000
      stadxlsendresetcmd |                             0001 |                     011001000001
     stadxlwaitresetdone |                             0010 |                     010000000011
    stadxlconf_remaining |                             0011 |                     011001000010
stadxlwaitsampleratetick |                             0100 |                     000100000110
       stadxlread_status |                             0101 |                     011001000111
         stadxlread_data |                             0110 |                     011000000101
      stadxlformatandsum |                             0111 |                     000010101101
         stadxlread_done |                             1000 |                     000001011111
---------------------------------------------------------------------------------------------------
INFO: [Synth 8-3354] encoded FSM with state register 'StC_Adxl_Ctrl_reg' using encoding 'sequential' in module 'ADXL362Ctrl'
WARNING: [Synth 8-327] inferring latch for variable 'barrier_reg' [G:/LU3EE100/console_ee100/console_ee100.srcs/sources_1/imports/VHDL/decor.vhd:209]
---------------------------------------------------------------------------------------------------
                   State |                     New Encoding |                Previous Encoding 
---------------------------------------------------------------------------------------------------
                   brick |                               00 |                               00
           change_2_pong |                               01 |                               01
                    pong |                               10 |                               10
          change_2_brick |                               11 |                               11
---------------------------------------------------------------------------------------------------
INFO: [Synth 8-3354] encoded FSM with state register 'EP_reg' using encoding 'sequential' in module 'game_mgr'
---------------------------------------------------------------------------------------------------
                   State |                     New Encoding |                Previous Encoding 
---------------------------------------------------------------------------------------------------
                  master |                               00 |                               00
          change_2_slave |                               01 |                               01
                   slave |                               10 |                               10
         change_2_master |                               11 |                               11
---------------------------------------------------------------------------------------------------
INFO: [Synth 8-3354] encoded FSM with state register 'EP_reg' using encoding 'sequential' in module 'master_slave_mgr'
---------------------------------------------------------------------------------
Finished RTL Optimization Phase 2 : Time (s): cpu = 00:00:38 ; elapsed = 00:00:55 . Memory (MB): peak = 1303.570 ; gain = 214.875
---------------------------------------------------------------------------------
---------------------------------------------------------------------------------
Start RTL Component Statistics 
---------------------------------------------------------------------------------
Detailed RTL Component Info : 
+---Adders : 
	   2 Input   17 Bit       Adders := 2     
	   3 Input   11 Bit       Adders := 1     
	   2 Input   10 Bit       Adders := 27    
	   2 Input    9 Bit       Adders := 6     
	   2 Input    6 Bit       Adders := 2     
	   2 Input    5 Bit       Adders := 3     
	   2 Input    4 Bit       Adders := 1     
	   2 Input    3 Bit       Adders := 3     
	   2 Input    2 Bit       Adders := 3     
+---XORs : 
	   2 Input      1 Bit         XORs := 1     
+---Registers : 
	               17 Bit    Registers := 2     
	               12 Bit    Registers := 4     
	               10 Bit    Registers := 9     
	                9 Bit    Registers := 5     
	                8 Bit    Registers := 16    
	                6 Bit    Registers := 2     
	                5 Bit    Registers := 4     
	                4 Bit    Registers := 3     
	                3 Bit    Registers := 5     
	                2 Bit    Registers := 7     
	                1 Bit    Registers := 41    
+---Muxes : 
	   2 Input   17 Bit        Muxes := 2     
	   9 Input   12 Bit        Muxes := 1     
	   5 Input   10 Bit        Muxes := 3     
	   7 Input   10 Bit        Muxes := 2     
	  13 Input   10 Bit        Muxes := 1     
	   2 Input   10 Bit        Muxes := 13    
	   4 Input   10 Bit        Muxes := 1     
	   6 Input   10 Bit        Muxes := 3     
	   3 Input    9 Bit        Muxes := 2     
	   2 Input    9 Bit        Muxes := 6     
	   5 Input    8 Bit        Muxes := 3     
	   6 Input    8 Bit        Muxes := 3     
	   4 Input    8 Bit        Muxes := 1     
	   2 Input    8 Bit        Muxes := 2     
	   7 Input    7 Bit        Muxes := 1     
	   4 Input    7 Bit        Muxes := 1     
	   2 Input    7 Bit        Muxes := 3     
	   4 Input    6 Bit        Muxes := 1     
	   2 Input    6 Bit        Muxes := 1     
	   2 Input    5 Bit        Muxes := 1     
	   5 Input    4 Bit        Muxes := 1     
	   2 Input    4 Bit        Muxes := 19    
	   9 Input    4 Bit        Muxes := 1     
	   7 Input    4 Bit        Muxes := 2     
	   6 Input    4 Bit        Muxes := 4     
	  14 Input    4 Bit        Muxes := 1     
	  26 Input    4 Bit        Muxes := 1     
	  32 Input    4 Bit        Muxes := 1     
	  25 Input    4 Bit        Muxes := 1     
	  31 Input    4 Bit        Muxes := 1     
	   6 Input    3 Bit        Muxes := 1     
	   2 Input    3 Bit        Muxes := 12    
	   7 Input    3 Bit        Muxes := 3     
	   5 Input    3 Bit        Muxes := 1     
	   4 Input    3 Bit        Muxes := 1     
	  13 Input    3 Bit        Muxes := 1     
	   2 Input    2 Bit        Muxes := 16    
	   5 Input    2 Bit        Muxes := 1     
	   4 Input    2 Bit        Muxes := 4     
	   6 Input    2 Bit        Muxes := 1     
	   2 Input    1 Bit        Muxes := 86    
	   5 Input    1 Bit        Muxes := 5     
	   6 Input    1 Bit        Muxes := 2     
	   3 Input    1 Bit        Muxes := 2     
	   4 Input    1 Bit        Muxes := 4     
	   7 Input    1 Bit        Muxes := 3     
	   9 Input    1 Bit        Muxes := 1     
	  19 Input    1 Bit        Muxes := 1     
	  13 Input    1 Bit        Muxes := 1     
	   8 Input    1 Bit        Muxes := 7     
	  18 Input    1 Bit        Muxes := 1     
---------------------------------------------------------------------------------
Finished RTL Component Statistics 
---------------------------------------------------------------------------------
---------------------------------------------------------------------------------
Start Part Resource Summary
---------------------------------------------------------------------------------
Part Resources:
DSPs: 90 (col length:60)
BRAMs: 100 (col length: RAMB18 60 RAMB36 30)
---------------------------------------------------------------------------------
Finished Part Resource Summary
---------------------------------------------------------------------------------
---------------------------------------------------------------------------------
Start Cross Boundary and Area Optimization
---------------------------------------------------------------------------------
---------------------------------------------------------------------------------
Finished Cross Boundary and Area Optimization : Time (s): cpu = 00:01:06 ; elapsed = 00:01:28 . Memory (MB): peak = 1303.570 ; gain = 214.875
---------------------------------------------------------------------------------
---------------------------------------------------------------------------------
Start Applying XDC Timing Constraints
---------------------------------------------------------------------------------
---------------------------------------------------------------------------------
Finished Applying XDC Timing Constraints : Time (s): cpu = 00:01:21 ; elapsed = 00:01:44 . Memory (MB): peak = 1303.570 ; gain = 214.875
---------------------------------------------------------------------------------
---------------------------------------------------------------------------------
Start Timing Optimization
---------------------------------------------------------------------------------
---------------------------------------------------------------------------------
Finished Timing Optimization : Time (s): cpu = 00:01:22 ; elapsed = 00:01:44 . Memory (MB): peak = 1303.570 ; gain = 214.875
---------------------------------------------------------------------------------
---------------------------------------------------------------------------------
Start Technology Mapping
---------------------------------------------------------------------------------
---------------------------------------------------------------------------------
Finished Technology Mapping : Time (s): cpu = 00:01:24 ; elapsed = 00:01:46 . Memory (MB): peak = 1316.031 ; gain = 227.336
---------------------------------------------------------------------------------
---------------------------------------------------------------------------------
Start IO Insertion
---------------------------------------------------------------------------------
---------------------------------------------------------------------------------
Start Flattening Before IO Insertion
---------------------------------------------------------------------------------
---------------------------------------------------------------------------------
Finished Flattening Before IO Insertion
---------------------------------------------------------------------------------
---------------------------------------------------------------------------------
Start Final Netlist Cleanup
---------------------------------------------------------------------------------
---------------------------------------------------------------------------------
Finished Final Netlist Cleanup
---------------------------------------------------------------------------------
---------------------------------------------------------------------------------
Finished IO Insertion : Time (s): cpu = 00:01:32 ; elapsed = 00:01:55 . Memory (MB): peak = 1329.859 ; gain = 241.164
---------------------------------------------------------------------------------
---------------------------------------------------------------------------------
Start Renaming Generated Instances
---------------------------------------------------------------------------------
---------------------------------------------------------------------------------
Finished Renaming Generated Instances : Time (s): cpu = 00:01:32 ; elapsed = 00:01:55 . Memory (MB): peak = 1329.859 ; gain = 241.164
---------------------------------------------------------------------------------
---------------------------------------------------------------------------------
Start Rebuilding User Hierarchy
---------------------------------------------------------------------------------
---------------------------------------------------------------------------------
Finished Rebuilding User Hierarchy : Time (s): cpu = 00:01:33 ; elapsed = 00:01:55 . Memory (MB): peak = 1329.859 ; gain = 241.164
---------------------------------------------------------------------------------
---------------------------------------------------------------------------------
Start Renaming Generated Ports
---------------------------------------------------------------------------------
---------------------------------------------------------------------------------
Finished Renaming Generated Ports : Time (s): cpu = 00:01:33 ; elapsed = 00:01:55 . Memory (MB): peak = 1329.859 ; gain = 241.164
---------------------------------------------------------------------------------
---------------------------------------------------------------------------------
Start Handling Custom Attributes
---------------------------------------------------------------------------------
---------------------------------------------------------------------------------
Finished Handling Custom Attributes : Time (s): cpu = 00:01:33 ; elapsed = 00:01:55 . Memory (MB): peak = 1329.859 ; gain = 241.164
---------------------------------------------------------------------------------
---------------------------------------------------------------------------------
Start Renaming Generated Nets
---------------------------------------------------------------------------------
---------------------------------------------------------------------------------
Finished Renaming Generated Nets : Time (s): cpu = 00:01:33 ; elapsed = 00:01:55 . Memory (MB): peak = 1329.859 ; gain = 241.164
---------------------------------------------------------------------------------
---------------------------------------------------------------------------------
Start ROM, RAM, DSP, Shift Register and Retiming Reporting
---------------------------------------------------------------------------------

Static Shift Register Report:
+------------+------------------------------------------+--------+-------+--------------+--------------------+-------------------+--------+---------+
|Module Name | RTL Name                                 | Length | Width | Reset Signal | Pull out first Reg | Pull out last Reg | SRL16E | SRLC32E | 
+------------+------------------------------------------+--------+-------+--------------+--------------------+-------------------+--------+---------+
|top_baxys   | accelero_mgr/accelero/Data_Reg_reg[4][7] | 4      | 2     | NO           | NO                 | YES               | 2      | 0       | 
|top_baxys   | accelero_mgr/accelero/Data_Reg_reg[4][6] | 5      | 6     | NO           | NO                 | YES               | 6      | 0       | 
+------------+------------------------------------------+--------+-------+--------------+--------------------+-------------------+--------+---------+

---------------------------------------------------------------------------------
Finished ROM, RAM, DSP, Shift Register and Retiming Reporting
---------------------------------------------------------------------------------
---------------------------------------------------------------------------------
Start Writing Synthesis Report
---------------------------------------------------------------------------------

Report BlackBoxes: 
+-+--------------+----------+
| |BlackBox name |Instances |
+-+--------------+----------+
+-+--------------+----------+

Report Cell Usage: 
+------+-------+------+
|      |Cell   |Count |
+------+-------+------+
|1     |BUFG   |     2|
|2     |CARRY4 |   117|
|3     |LUT1   |    52|
|4     |LUT2   |   168|
|5     |LUT3   |   135|
|6     |LUT4   |   296|
|7     |LUT5   |   243|
|8     |LUT6   |   448|
|9     |MUXF7  |     3|
|10    |SRL16E |     8|
|11    |FDCE   |   226|
|12    |FDPE   |    72|
|13    |FDRE   |   172|
|14    |FDSE   |     4|
|15    |LD     |     1|
|16    |IBUF   |    18|
|17    |OBUF   |    43|
+------+-------+------+
---------------------------------------------------------------------------------
Finished Writing Synthesis Report : Time (s): cpu = 00:01:33 ; elapsed = 00:01:55 . Memory (MB): peak = 1329.859 ; gain = 241.164
---------------------------------------------------------------------------------
Synthesis finished with 0 errors, 0 critical warnings and 1 warnings.
Synthesis Optimization Runtime : Time (s): cpu = 00:01:10 ; elapsed = 00:01:48 . Memory (MB): peak = 1329.859 ; gain = 126.836
Synthesis Optimization Complete : Time (s): cpu = 00:01:33 ; elapsed = 00:01:56 . Memory (MB): peak = 1329.859 ; gain = 241.164
INFO: [Project 1-571] Translating synthesized netlist
Netlist sorting complete. Time (s): cpu = 00:00:00 ; elapsed = 00:00:00.106 . Memory (MB): peak = 1341.891 ; gain = 0.000
INFO: [Netlist 29-17] Analyzing 121 Unisim elements for replacement
INFO: [Netlist 29-28] Unisim Transformation completed in 0 CPU seconds
INFO: [Project 1-570] Preparing netlist for logic optimization
INFO: [Opt 31-138] Pushed 0 inverter(s) to 0 load pin(s).
Netlist sorting complete. Time (s): cpu = 00:00:00 ; elapsed = 00:00:00.001 . Memory (MB): peak = 1341.891 ; gain = 0.000
INFO: [Project 1-111] Unisim Transformation Summary:
  A total of 1 instances were transformed.
  LD => LDCE: 1 instance 

INFO: [Common 17-83] Releasing license: Synthesis
97 Infos, 3 Warnings, 0 Critical Warnings and 0 Errors encountered.
synth_design completed successfully
synth_design: Time (s): cpu = 00:01:48 ; elapsed = 00:02:16 . Memory (MB): peak = 1341.891 ; gain = 253.195
INFO: [Common 17-1381] The checkpoint 'G:/LU3EE100/console_ee100/console_ee100.runs/synth_1/top_baxys.dcp' has been generated.
INFO: [runtcl-4] Executing : report_utilization -file top_baxys_utilization_synth.rpt -pb top_baxys_utilization_synth.pb
INFO: [Common 17-206] Exiting Vivado at Mon Dec 19 01:57:00 2022...
